<?xml version="1.0" encoding="UTF-8"?>
<testsuite xmlns:xsi="http://www.w3.org/2001/XMLSchema-instance" xsi:noNamespaceSchemaLocation="https://maven.apache.org/surefire/maven-surefire-plugin/xsd/surefire-test-report.xsd" name="gameTest" time="0.022" tests="6" errors="0" skipped="0" failures="0">
  <properties>
[...]
</properties>
  <testcase name="testWinDiagonal1" classname="gameTest" time="0.013"/>
  <testcase name="testWinDiagonal2" classname="gameTest" time="0"/>
  <testcase name="testAI" classname="gameTest" time="0.002"/>
  <testcase name="testWinCol" classname="gameTest" time="0"/>
  <testcase name="testWinRow" classname="gameTest" time="0"/>
  <testcase name="testWinDiagonalFalse" classname="gameTest" time="0.001"/>
</testsuite>